Arguments: 
  /usr/bin/node /data/homedir/sergio/.yarn/bin/yarn.js add webpack webpack-web-server -D

PATH: 
  /home/sergio/.yarn/bin:/home/sergio/.config/yarn/global/node_modules/.bin:/home/sergio/.composer/vendor/bin:/home/sergio/.composer/vendor/bin:/home/sergio/bin:/home/sergio/.local/bin:/usr/local/sbin:/usr/local/bin:/usr/sbin:/usr/bin:/sbin:/bin:/usr/games:/usr/local/games:/snap/bin:/usr/lib/jvm/java-8-oracle/bin:/usr/lib/jvm/java-8-oracle/db/bin:/usr/lib/jvm/java-8-oracle/jre/bin:/home/sergio/Android/Sdk/tools:/home/sergio/Android/Sdk/platform-tools:/usr/local/android-studio/bin/

Yarn version: 
  1.7.0

Node version: 
  11.12.0

Platform: 
  linux x64

Trace: 
  Error: https://registry.yarnpkg.com/webpack-web-server: Not found
      at Request.params.callback [as _callback] (/data/homedir/sergio/.yarn/lib/cli.js:65656:18)
      at Request.self.callback (/data/homedir/sergio/.yarn/lib/cli.js:134675:22)
      at Request.emit (events.js:197:13)
      at Request.<anonymous> (/data/homedir/sergio/.yarn/lib/cli.js:135658:10)
      at Request.emit (events.js:197:13)
      at IncomingMessage.<anonymous> (/data/homedir/sergio/.yarn/lib/cli.js:135578:12)
      at Object.onceWrapper (events.js:285:20)
      at IncomingMessage.emit (events.js:202:15)
      at endReadableNT (_stream_readable.js:1132:12)
      at processTicksAndRejections (internal/process/next_tick.js:76:17)

npm manifest: 
  {
    "name": "obsbackground",
    "version": "0.5.2",
    "description": "OBS Background",
    "scripts": {
      "build": "node tasks/release.js",
      "build:clean": "cross-env PLATFORM_TARGET=clean node tasks/release.js",
      "build:darwin": "cross-env PLATFORM_TARGET=darwin node tasks/release.js",
      "build:linux": "cross-env PLATFORM_TARGET=linux node tasks/release.js",
      "build:mas": "cross-env PLATFORM_TARGET=mas node tasks/release.js",
      "build:win32": "cross-env PLATFORM_TARGET=win32 node tasks/release.js",
      "dev": "node tasks/runner.js",
      "pack": "npm run pack:main && npm run pack:renderer",
      "pack:main": "cross-env NODE_ENV=production webpack -p --progress --colors --config webpack.main.config.js",
      "pack:renderer": "cross-env NODE_ENV=production webpack -p --progress --colors --config webpack.renderer.config.js",
      "postinstall": "cd app && npm install"
    },
    "author": "Greg Holguin <simulatedgreg@gmail.com>",
    "license": "GPLv3",
    "devDependencies": {
      "babel-core": "^6.26.3",
      "babel-loader": "^6.2.4",
      "babel-plugin-transform-runtime": "^6.8.0",
      "babel-preset-es2015": "^6.6.0",
      "babel-preset-stage-0": "^6.5.0",
      "babel-register": "^6.26.0",
      "babel-runtime": "^6.26.0",
      "cross-env": "^3.1.4",
      "css-loader": "^0.26.1",
      "del": "^2.2.1",
      "devtron": "^1.1.0",
      "electron": "^1.8.8",
      "electron-debug": "^1.5.0",
      "electron-devtools-installer": "^2.2.4",
      "electron-packager": "^8.7.2",
      "electron-rebuild": "^1.8.4",
      "extract-text-webpack-plugin": "^2.1.2",
      "file-loader": "^0.9.0",
      "html-webpack-plugin": "^2.30.1",
      "json-loader": "^0.5.7",
      "style-loader": "^0.13.1",
      "tree-kill": "^1.2.1",
      "url-loader": "^0.5.9",
      "vue-hot-reload-api": "^2.3.3",
      "vue-html-loader": "^1.2.2",
      "vue-loader": "^10.0.2",
      "vue-style-loader": "^1.0.0",
      "vue-template-compiler": "^2.6.10"
    },
    "dependencies": {
      "moment": "^2.24.0"
    }
  }

yarn manifest: 
  No manifest

Lockfile: 
  No lockfile
